# JRE version: OpenJDK Runtime Environment (8.0_312-b07) (build 1.8.0_312-8u312-b07-0ubuntu1~20.04-b07)
# Java VM: OpenJDK 64-Bit Server VM (25.312-b07 mixed mode linux-amd64 compressed oops)
Heap:
 PSYoungGen      total 13312K, used 2534K [0x00000000ec300000, 0x00000000ed700000, 0x0000000100000000)
  eden space 10752K, 0% used [0x00000000ec300000,0x00000000ec300000,0x00000000ecd80000)
  from space 2560K, 98% used [0x00000000ed180000,0x00000000ed3f9980,0x00000000ed400000)
  to   space 4096K, 0% used [0x00000000ecd80000,0x00000000ecd80000,0x00000000ed180000)
 ParOldGen       total 5632K, used 4178K [0x00000000c4800000, 0x00000000c4d80000, 0x00000000ec300000)
  object space 5632K, 74% used [0x00000000c4800000,0x00000000c4c149c8,0x00000000c4d80000)
 Metaspace       used 7511K, capacity 8308K, committed 8448K, reserved 1056768K
  class space    used 901K, capacity 944K, committed 1024K, reserved 1048576K
GC Heap History (10 events):
Event: 0.196 GC heap after
Heap after GC invocations=2 (full 0):
 PSYoungGen      total 3584K, used 480K [0x00000000ec300000, 0x00000000ec700000, 0x0000000100000000)
  eden space 3072K, 0% used [0x00000000ec300000,0x00000000ec300000,0x00000000ec600000)
  from space 512K, 93% used [0x00000000ec680000,0x00000000ec6f8020,0x00000000ec700000)
  to   space 512K, 0% used [0x00000000ec600000,0x00000000ec600000,0x00000000ec680000)
 ParOldGen       total 5632K, used 32K [0x00000000c4800000, 0x00000000c4d80000, 0x00000000ec300000)
  object space 5632K, 0% used [0x00000000c4800000,0x00000000c4808000,0x00000000c4d80000)
 Metaspace       used 3927K, capacity 5228K, committed 5376K, reserved 1056768K
  class space    used 450K, capacity 488K, committed 512K, reserved 1048576K
}
Event: 0.265 GC heap before
{Heap before GC invocations=3 (full 0):
 PSYoungGen      total 3584K, used 3552K [0x00000000ec300000, 0x00000000ec700000, 0x0000000100000000)
  eden space 3072K, 100% used [0x00000000ec300000,0x00000000ec600000,0x00000000ec600000)
  from space 512K, 93% used [0x00000000ec680000,0x00000000ec6f8020,0x00000000ec700000)
  to   space 512K, 0% used [0x00000000ec600000,0x00000000ec600000,0x00000000ec680000)
 ParOldGen       total 5632K, used 32K [0x00000000c4800000, 0x00000000c4d80000, 0x00000000ec300000)
  object space 5632K, 0% used [0x00000000c4800000,0x00000000c4808000,0x00000000c4d80000)
 Metaspace       used 4848K, capacity 6060K, committed 6272K, reserved 1056768K
  class space    used 571K, capacity 616K, committed 640K, reserved 1048576K
Event: 0.267 GC heap after
Heap after GC invocations=3 (full 0):
 PSYoungGen      total 3584K, used 480K [0x00000000ec300000, 0x00000000eca00000, 0x0000000100000000)
  eden space 3072K, 0% used [0x00000000ec300000,0x00000000ec300000,0x00000000ec600000)
  from space 512K, 93% used [0x00000000ec600000,0x00000000ec678020,0x00000000ec680000)
  to   space 512K, 0% used [0x00000000ec980000,0x00000000ec980000,0x00000000eca00000)
 ParOldGen       total 5632K, used 492K [0x00000000c4800000, 0x00000000c4d80000, 0x00000000ec300000)
  object space 5632K, 8% used [0x00000000c4800000,0x00000000c487b030,0x00000000c4d80000)
 Metaspace       used 4848K, capacity 6060K, committed 6272K, reserved 1056768K
  class space    used 571K, capacity 616K, committed 640K, reserved 1048576K
}
Event: 0.335 GC heap before
{Heap before GC invocations=4 (full 0):
 PSYoungGen      total 3584K, used 3552K [0x00000000ec300000, 0x00000000eca00000, 0x0000000100000000)
  eden space 3072K, 100% used [0x00000000ec300000,0x00000000ec600000,0x00000000ec600000)
  from space 512K, 93% used [0x00000000ec600000,0x00000000ec678020,0x00000000ec680000)
  to   space 512K, 0% used [0x00000000ec980000,0x00000000ec980000,0x00000000eca00000)
 ParOldGen       total 5632K, used 492K [0x00000000c4800000, 0x00000000c4d80000, 0x00000000ec300000)
  object space 5632K, 8% used [0x00000000c4800000,0x00000000c487b030,0x00000000c4d80000)
 Metaspace       used 5707K, capacity 6892K, committed 7168K, reserved 1056768K
  class space    used 699K, capacity 744K, committed 768K, reserved 1048576K
Event: 0.337 GC heap after
Heap after GC invocations=4 (full 0):
 PSYoungGen      total 6656K, used 496K [0x00000000ec300000, 0x00000000eca00000, 0x0000000100000000)
  eden space 6144K, 0% used [0x00000000ec300000,0x00000000ec300000,0x00000000ec900000)
  from space 512K, 96% used [0x00000000ec980000,0x00000000ec9fc030,0x00000000eca00000)
  to   space 512K, 0% used [0x00000000ec900000,0x00000000ec900000,0x00000000ec980000)
 ParOldGen       total 5632K, used 556K [0x00000000c4800000, 0x00000000c4d80000, 0x00000000ec300000)
  object space 5632K, 9% used [0x00000000c4800000,0x00000000c488b030,0x00000000c4d80000)
 Metaspace       used 5707K, capacity 6892K, committed 7168K, reserved 1056768K
  class space    used 699K, capacity 744K, committed 768K, reserved 1048576K
}
Event: 0.487 GC heap before
{Heap before GC invocations=5 (full 0):
 PSYoungGen      total 6656K, used 6640K [0x00000000ec300000, 0x00000000eca00000, 0x0000000100000000)
  eden space 6144K, 100% used [0x00000000ec300000,0x00000000ec900000,0x00000000ec900000)
  from space 512K, 96% used [0x00000000ec980000,0x00000000ec9fc030,0x00000000eca00000)
  to   space 512K, 0% used [0x00000000ec900000,0x00000000ec900000,0x00000000ec980000)
 ParOldGen       total 5632K, used 556K [0x00000000c4800000, 0x00000000c4d80000, 0x00000000ec300000)
  object space 5632K, 9% used [0x00000000c4800000,0x00000000c488b030,0x00000000c4d80000)
 Metaspace       used 7244K, capacity 8084K, committed 8448K, reserved 1056768K
  class space    used 878K, capacity 912K, committed 1024K, reserved 1048576K
Event: 0.493 GC heap after
Heap after GC invocations=5 (full 0):
 PSYoungGen      total 6656K, used 500K [0x00000000ec300000, 0x00000000ed400000, 0x0000000100000000)
  eden space 6144K, 0% used [0x00000000ec300000,0x00000000ec300000,0x00000000ec900000)
  from space 512K, 97% used [0x00000000ec900000,0x00000000ec97d030,0x00000000ec980000)
  to   space 2560K, 0% used [0x00000000ed180000,0x00000000ed180000,0x00000000ed400000)
 ParOldGen       total 5632K, used 2974K [0x00000000c4800000, 0x00000000c4d80000, 0x00000000ec300000)
  object space 5632K, 52% used [0x00000000c4800000,0x00000000c4ae7b30,0x00000000c4d80000)
 Metaspace       used 7244K, capacity 8084K, committed 8448K, reserved 1056768K
  class space    used 878K, capacity 912K, committed 1024K, reserved 1048576K
}
Event: 0.628 GC heap before
{Heap before GC invocations=6 (full 0):
 PSYoungGen      total 6656K, used 6644K [0x00000000ec300000, 0x00000000ed400000, 0x0000000100000000)
  eden space 6144K, 100% used [0x00000000ec300000,0x00000000ec900000,0x00000000ec900000)
  from space 512K, 97% used [0x00000000ec900000,0x00000000ec97d030,0x00000000ec980000)
  to   space 2560K, 0% used [0x00000000ed180000,0x00000000ed180000,0x00000000ed400000)
 ParOldGen       total 5632K, used 2974K [0x00000000c4800000, 0x00000000c4d80000, 0x00000000ec300000)
  object space 5632K, 52% used [0x00000000c4800000,0x00000000c4ae7b30,0x00000000c4d80000)
 Metaspace       used 7511K, capacity 8308K, committed 8448K, reserved 1056768K
  class space    used 901K, capacity 944K, committed 1024K, reserved 1048576K
Event: 0.634 GC heap after
Heap after GC invocations=6 (full 0):
 PSYoungGen      total 13312K, used 2534K [0x00000000ec300000, 0x00000000ed700000, 0x0000000100000000)
  eden space 10752K, 0% used [0x00000000ec300000,0x00000000ec300000,0x00000000ecd80000)
  from space 2560K, 98% used [0x00000000ed180000,0x00000000ed3f9980,0x00000000ed400000)
  to   space 4096K, 0% used [0x00000000ecd80000,0x00000000ecd80000,0x00000000ed180000)
 ParOldGen       total 5632K, used 4178K [0x00000000c4800000, 0x00000000c4d80000, 0x00000000ec300000)
  object space 5632K, 74% used [0x00000000c4800000,0x00000000c4c149c8,0x00000000c4d80000)
 Metaspace       used 7511K, capacity 8308K, committed 8448K, reserved 1056768K
  class space    used 901K, capacity 944K, committed 1024K, reserved 1048576K
}
Event: 0.634 GC heap before
{Heap before GC invocations=7 (full 1):
 PSYoungGen      total 13312K, used 2534K [0x00000000ec300000, 0x00000000ed700000, 0x0000000100000000)
  eden space 10752K, 0% used [0x00000000ec300000,0x00000000ec300000,0x00000000ecd80000)
  from space 2560K, 98% used [0x00000000ed180000,0x00000000ed3f9980,0x00000000ed400000)
  to   space 4096K, 0% used [0x00000000ecd80000,0x00000000ecd80000,0x00000000ed180000)
 ParOldGen       total 5632K, used 4178K [0x00000000c4800000, 0x00000000c4d80000, 0x00000000ec300000)
  object space 5632K, 74% used [0x00000000c4800000,0x00000000c4c149c8,0x00000000c4d80000)
 Metaspace       used 7511K, capacity 8308K, committed 8448K, reserved 1056768K
  class space    used 901K, capacity 944K, committed 1024K, reserved 1048576K

